<?xml version="1.0" encoding="UTF-8"?>
<!-- Generated by org.testng.reporters.JUnitXMLReporter -->
<testsuite ignored="0" hostname="V3M-Dev-1" failures="0" tests="8" name="Test" time="123.766" errors="0" timestamp="2026-05-07T09:38:46 IST">
  <testcase classname="tests.RegistrationPageTest" name="verifyNewRegistrationClick" time="7.967"/>
  <testcase classname="tests.clinicalExamination.VitalSignsTest" name="verifyVitalSignsEntry" time="6.833"/>
  <testcase classname="tests.clinicalExamination.OcularHistoryTest" name="validateOcularAndSystemicFlow" time="11.084"/>
  <testcase classname="tests.clinicalExamination.VisualAcuityTest" name="validateFullVisualAcuityAndRefractionFlow" time="13.173"/>
  <testcase classname="tests.clinicalExamination.OcularExaminationTest" name="validateOcularExaminationFlow" time="17.855"/>
  <testcase classname="tests.clinicalExamination.OcularExaminationTest" name="validateOcularExaminationWithCheckboxFlow" time="31.946"/>
  <testcase classname="tests.clinicalExamination.ChiefComplaintTest" name="verifyChiefComplaintEntry" time="6.427"/>
  <testcase classname="tests.clinicalExamination.DiagnosisAndAdviseTest" name="validatePatientStatusAndAdviseFlow" time="12.445"/>
</testsuite> <!-- Test -->
