<?xml version="1.0" encoding="UTF-8"?>
<!-- Generated by org.testng.reporters.JUnitXMLReporter -->
<testsuite ignored="0" hostname="V3M-Dev-1" failures="1" tests="7" name="Test" time="82.547" errors="0" timestamp="2026-05-05T10:06:40 IST">
  <testcase classname="tests.clinicalExamination.VitalSignsTest" name="verifyVitalSignsEntry" time="5.024"/>
  <testcase classname="tests.clinicalExamination.OcularHistoryTest" name="validateOcularAndSystemicFlow" time="10.681"/>
  <testcase classname="tests.clinicalExamination.VisualAcuityTest" name="validateFullVisualAcuityAndRefractionFlow" time="9.748"/>
  <testcase classname="tests.clinicalExamination.OcularExaminationTest" name="validateOcularExaminationFlow" time="12.455"/>
  <testcase classname="tests.clinicalExamination.OcularExaminationTest" name="validateOcularExaminationWithCheckboxFlow" time="22.994">
    <failure type="java.lang.AssertionError" message="Test failed due to exception">
      <![CDATA[java.lang.AssertionError: Test failed due to exception
at tests.clinicalExamination.OcularExaminationTest.validateOcularExaminationWithCheckboxFlow(OcularExaminationTest.java:156)
at java.base/java.util.ArrayList.forEach(ArrayList.java:1511)
Caused by: org.openqa.selenium.NoSuchSessionException: invalid session id: session deleted as the browser has closed the connection
from disconnected: not connected to DevTools
  (Session info: chrome=147.0.7727.138)
Build info: version: '4.18.1', revision: 'b1d3319b48'
System info: os.name: 'Windows 11', os.arch: 'amd64', os.version: '10.0', java.version: '17.0.12'
Driver info: org.openqa.selenium.chrome.ChromeDriver
Command: [42b1fae0673d8222857338547f57fdbe, findElements {value=#CE_dataGrid tbody tr, using=css selector}]
Capabilities {acceptInsecureCerts: false, browserName: chrome, browserVersion: 147.0.7727.138, chrome: {chromedriverVersion: 147.0.7727.117 (474cc805edd..., userDataDir: C:\Users\sumit\AppData\Loca...}, fedcm:accounts: true, goog:chromeOptions: {debuggerAddress: localhost:61899}, goog:processID: 21560, networkConnectionEnabled: false, pageLoadStrategy: normal, platformName: windows, proxy: Proxy(), se:cdp: ws://localhost:61899/devtoo..., se:cdpVersion: 147.0.7727.138, setWindowRect: true, strictFileInteractability: false, timeouts: {implicit: 0, pageLoad: 300000, script: 30000}, unhandledPromptBehavior: dismiss and notify, webauthn:extension:credBlob: true, webauthn:extension:largeBlob: true, webauthn:extension:minPinLength: true, webauthn:extension:prf: true, webauthn:virtualAuthenticators: true}
Session ID: 42b1fae0673d8222857338547f57fdbe
at org.openqa.selenium.remote.ErrorCodec.decode(ErrorCodec.java:167)
at org.openqa.selenium.remote.codec.w3c.W3CHttpResponseCodec.decode(W3CHttpResponseCodec.java:138)
at org.openqa.selenium.remote.codec.w3c.W3CHttpResponseCodec.decode(W3CHttpResponseCodec.java:50)
at org.openqa.selenium.remote.HttpCommandExecutor.execute(HttpCommandExecutor.java:190)
at org.openqa.selenium.remote.service.DriverCommandExecutor.invokeExecute(DriverCommandExecutor.java:216)
at org.openqa.selenium.remote.service.DriverCommandExecutor.execute(DriverCommandExecutor.java:174)
at org.openqa.selenium.remote.RemoteWebDriver.execute(RemoteWebDriver.java:519)
at org.openqa.selenium.remote.ElementLocation$ElementFinder$2.findElements(ElementLocation.java:182)
at org.openqa.selenium.remote.ElementLocation.findElements(ElementLocation.java:103)
at org.openqa.selenium.remote.RemoteWebDriver.findElements(RemoteWebDriver.java:369)
at org.openqa.selenium.remote.RemoteWebDriver.findElements(RemoteWebDriver.java:363)
at pages.ClinicalPage.lambda$1(ClinicalPage.java:175)
at org.openqa.selenium.support.ui.FluentWait.until(FluentWait.java:203)
at pages.ClinicalPage.waitForClinicalGridToFinishLoading(ClinicalPage.java:175)
at pages.ClinicalPage.searchByDate(ClinicalPage.java:83)
at tests.clinicalExamination.OcularExaminationTest.validateOcularExaminationWithCheckboxFlow(OcularExaminationTest.java:120)
... 28 more
... Removed 33 stack frames]]>
    </failure>
  </testcase> <!-- validateOcularExaminationWithCheckboxFlow -->
  <testcase classname="tests.clinicalExamination.ChiefComplaintTest" name="verifyChiefComplaintEntry" time="4.989"/>
  <testcase classname="tests.clinicalExamination.DiagnosisAndAdviseTest" name="validatePatientStatusAndAdviseFlow" time="8.431"/>
</testsuite> <!-- Test -->
