<?xml version="1.0" encoding="UTF-8"?>
<testng-results ignored="0" total="1" passed="1" failed="0" skipped="0">
  <reporter-output>
  </reporter-output>
  <suite started-at="2026-05-05T14:57:08 IST" name="Default suite" finished-at="2026-05-05T14:57:27 IST" duration-ms="18760">
    <groups>
    </groups>
    <test started-at="2026-05-05T14:57:08 IST" name="Default test" finished-at="2026-05-05T14:57:27 IST" duration-ms="18760">
      <class name="opticalTranscationMasterTest.ViewPurchaseOrderTest">
        <test-method is-config="true" signature="setUp()[pri:0, instance:opticalTranscationMasterTest.ViewPurchaseOrderTest@1165b38]" started-at="2026-05-05T14:57:08 IST" name="setUp" finished-at="2026-05-05T14:57:11 IST" duration-ms="2600" status="PASS">
          <reporter-output>
          </reporter-output>
        </test-method> <!-- setUp -->
        <test-method signature="verifyCreatePurchaseOrderWithMultipleItems()[pri:0, instance:opticalTranscationMasterTest.ViewPurchaseOrderTest@1165b38]" started-at="2026-05-05T14:57:11 IST" name="verifyCreatePurchaseOrderWithMultipleItems" finished-at="2026-05-05T14:57:27 IST" duration-ms="16077" status="PASS">
          <reporter-output>
          </reporter-output>
        </test-method> <!-- verifyCreatePurchaseOrderWithMultipleItems -->
        <test-method is-config="true" signature="captureFailure(org.testng.ITestResult)[pri:0, instance:opticalTranscationMasterTest.ViewPurchaseOrderTest@1165b38]" started-at="2026-05-05T14:57:27 IST" name="captureFailure" finished-at="2026-05-05T14:57:27 IST" duration-ms="6" status="PASS">
          <params>
            <param index="0">
              <value>
                <![CDATA[[TestResult name=verifyCreatePurchaseOrderWithMultipleItems status=SUCCESS method=ViewPurchaseOrderTest.verifyCreatePurchaseOrderWithMultipleItems()[pri:0, instance:opticalTranscationMasterTest.ViewPurchaseOrderTest@1165b38] output={null}]]]>
              </value>
            </param>
          </params>
          <reporter-output>
          </reporter-output>
        </test-method> <!-- captureFailure -->
        <test-method is-config="true" signature="tearDown()[pri:0, instance:opticalTranscationMasterTest.ViewPurchaseOrderTest@1165b38]" started-at="2026-05-05T14:57:27 IST" name="tearDown" finished-at="2026-05-05T14:57:27 IST" duration-ms="0" status="PASS">
          <reporter-output>
          </reporter-output>
        </test-method> <!-- tearDown -->
      </class> <!-- opticalTranscationMasterTest.ViewPurchaseOrderTest -->
    </test> <!-- Default test -->
  </suite> <!-- Default suite -->
</testng-results>
