<?xml version="1.0" encoding="UTF-8"?>
<testng-results ignored="0" total="1" passed="1" failed="0" skipped="0">
  <reporter-output>
  </reporter-output>
  <suite started-at="2026-05-02T15:55:16 IST" name="Default suite" finished-at="2026-05-02T15:56:06 IST" duration-ms="49486">
    <groups>
    </groups>
    <test started-at="2026-05-02T15:55:16 IST" name="Default test" finished-at="2026-05-02T15:56:06 IST" duration-ms="49486">
      <class name="tests.RegistrationPageTest">
        <test-method is-config="true" signature="setUp()[pri:0, instance:tests.RegistrationPageTest@327514f]" started-at="2026-05-02T15:55:16 IST" name="setUp" finished-at="2026-05-02T15:55:19 IST" duration-ms="2798" status="PASS">
          <reporter-output>
          </reporter-output>
        </test-method> <!-- setUp -->
        <test-method signature="verifyNewRegistrationClick()[pri:0, instance:tests.RegistrationPageTest@327514f]" started-at="2026-05-02T15:55:19 IST" name="verifyNewRegistrationClick" finished-at="2026-05-02T15:56:05 IST" duration-ms="46248" status="PASS">
          <reporter-output>
          </reporter-output>
        </test-method> <!-- verifyNewRegistrationClick -->
        <test-method is-config="true" signature="tearDown()[pri:0, instance:tests.RegistrationPageTest@327514f]" started-at="2026-05-02T15:56:05 IST" name="tearDown" finished-at="2026-05-02T15:56:06 IST" duration-ms="355" status="PASS">
          <reporter-output>
          </reporter-output>
        </test-method> <!-- tearDown -->
      </class> <!-- tests.RegistrationPageTest -->
    </test> <!-- Default test -->
  </suite> <!-- Default suite -->
</testng-results>
