<?xml version="1.0" encoding="UTF-8"?>
<!-- Generated by org.testng.reporters.JUnitReportReporter -->
<testsuite hostname="V3M-Dev-1" failures="0" tests="1" name="tests.opticalTransaction.OpticalBookingDirectSaleTest" time="49.893" errors="0" timestamp="2026-05-04T15:55:53 IST" skipped="0">
  <testcase classname="tests.opticalTransaction.OpticalBookingDirectSaleTest" name="verifyOpticalBookingDirectSaleFlow" time="49.893"/>
</testsuite> <!-- tests.opticalTransaction.OpticalBookingDirectSaleTest -->
