<?xml version="1.0" encoding="UTF-8"?>
<!-- Generated by org.testng.reporters.JUnitReportReporter -->
<testsuite hostname="V3M-Dev-1" failures="0" tests="2" name="tests.clinicalExamination.OcularExaminationTest" time="83.294" errors="0" timestamp="2026-05-02T15:44:44 IST" skipped="0">
  <testcase classname="tests.clinicalExamination.OcularExaminationTest" name="validateOcularExaminationWithCheckboxFlow" time="35.356"/>
  <testcase classname="tests.clinicalExamination.OcularExaminationTest" name="validateOcularExaminationFlow" time="47.938"/>
</testsuite> <!-- tests.clinicalExamination.OcularExaminationTest -->
