<?xml version="1.0" encoding="UTF-8"?>
<!-- Generated by org.testng.reporters.JUnitReportReporter -->
<testsuite hostname="V3M-Dev-1" failures="0" tests="2" name="tests.clinicalExamination.OcularExaminationTest" time="53.798" errors="0" timestamp="2026-05-07T09:38:46 IST" skipped="0">
  <testcase classname="tests.clinicalExamination.OcularExaminationTest" name="validateOcularExaminationFlow" time="20.004"/>
  <testcase classname="tests.clinicalExamination.OcularExaminationTest" name="validateOcularExaminationWithCheckboxFlow" time="33.794"/>
</testsuite> <!-- tests.clinicalExamination.OcularExaminationTest -->
