<?xml version="1.0" encoding="UTF-8"?>
<!-- Generated by org.testng.reporters.JUnitReportReporter -->
<testsuite hostname="V3M-Dev-1" failures="0" tests="1" name="opticalTranscationMasterTest.DiscountRefundApprovalTest" time="8.872" errors="0" timestamp="2026-05-07T12:16:08 IST" skipped="0">
  <testcase classname="opticalTranscationMasterTest.DiscountRefundApprovalTest" name="verifyDiscountRefundApprovalFlow" time="8.872"/>
</testsuite> <!-- opticalTranscationMasterTest.DiscountRefundApprovalTest -->
