<?xml version="1.0" encoding="UTF-8"?>
<!-- Generated by org.testng.reporters.JUnitReportReporter -->
<testsuite hostname="V3M-Dev-1" failures="0" tests="1" name="opticalTranscationMasterTest.ViewPurchaseOrderTest" time="17.413" errors="0" timestamp="2026-05-16T09:18:03 IST" skipped="0">
  <testcase classname="opticalTranscationMasterTest.ViewPurchaseOrderTest" name="verifyCreatePurchaseOrderWithMultipleItems" time="17.413"/>
</testsuite> <!-- opticalTranscationMasterTest.ViewPurchaseOrderTest -->
